<?xml version="1.0" encoding="UTF-8"?>
<!-- Generated by org.testng.reporters.JUnitReportReporter -->
<testsuite hostname="Admin" name="automationfc.com.Topic_01_Check_Environment" tests="3" failures="0" timestamp="10 Apr 2021 14:05:10 GMT" time="0.092" errors="0">
  <testcase name="TC_03_LoginFormDisplayed" time="0.062" classname="automationfc.com.Topic_01_Check_Environment"/>
  <testcase name="TC_02_ValidatePageTitle" time="0.010" classname="automationfc.com.Topic_01_Check_Environment"/>
  <testcase name="TC_01_ValidateCurrentUrl" time="0.020" classname="automationfc.com.Topic_01_Check_Environment"/>
</testsuite> <!-- automationfc.com.Topic_01_Check_Environment -->
